2018-11-16 18:53:31,831-INFO: 首页-广告&内购icon测试完成
2018-11-16 18:53:38,741-INFO: 登录页面初始状态检查测试开始
2018-11-16 18:53:38,742-INFO: 授权小影发送通知
2018-11-16 18:53:42,352-INFO: 已授权小影发送通知
2018-11-16 18:53:42,355-INFO: 小影圈页面-关闭活动弹窗
2018-11-16 18:53:44,362-INFO: 当前无或者已关闭活动弹窗
2018-11-16 18:53:44,363-INFO: 切换到"我"
2018-11-16 18:53:47,676-INFO: 保存截图2018_11_16_18_53_47_test_login_origin_.png
2018-11-16 18:53:47,676-INFO: 小影圈页面-关闭活动弹窗
2018-11-16 18:53:51,112-INFO: 当前无或者已关闭活动弹窗
2018-11-16 18:53:51,112-INFO: 登录页面QQ登录测试开始
2018-11-16 18:53:51,270-INFO: 未找到"注册/登录"按钮，用户已经成功登录
2018-11-16 18:54:00,372-INFO: 权限获取
2018-11-16 18:54:00,373-INFO: 点击创作中心主按钮
2018-11-16 18:54:00,373-INFO: 点击创作中心主按钮
2018-11-16 18:54:01,557-INFO: 下拉刷新
2018-11-16 18:54:02,386-INFO: 点击“视频剪辑”按钮
2018-11-16 18:54:06,607-INFO: 已跳过订阅页面
2018-11-16 18:54:06,607-INFO: 授权小影访问相册和媒体资料
2018-11-16 18:54:12,574-INFO: 已授权
2018-11-16 18:54:12,575-INFO: 返回首页
2018-11-16 18:54:13,647-INFO: 相册授权测试完成
2018-11-16 18:54:13,648-INFO: 权限获取
2018-11-16 18:54:13,648-INFO: 点击“高清拍摄”按钮
2018-11-16 18:54:18,001-INFO: 授权小影访问相机和麦克风
2018-11-16 18:54:23,602-INFO: 已授权
2018-11-16 18:54:23,603-INFO: 返回首页
2018-11-16 18:54:24,327-INFO: 拍摄授权测试完成
2018-11-21 14:42:28,916-INFO: 首页-广告&内购icon测试完成
2018-11-21 14:42:35,670-INFO: 登录页面初始状态检查测试开始
2018-11-21 14:42:35,670-INFO: 授权小影发送通知
2018-11-21 14:42:39,204-INFO: 已授权小影发送通知
2018-11-21 14:42:39,205-INFO: 小影圈页面-关闭活动弹窗
2018-11-21 14:42:41,924-INFO: 当前无或者已关闭活动弹窗
2018-11-21 14:42:41,925-INFO: 切换到"我"
2018-11-21 14:42:45,823-INFO: 保存截图2018_11_21_14_42_45_test_login_origin_.png
2018-11-21 14:42:45,824-INFO: 小影圈页面-关闭活动弹窗
2018-11-21 14:42:50,002-INFO: 当前无或者已关闭活动弹窗
2018-11-21 14:42:50,002-INFO: 登录页面QQ登录测试开始
2018-11-21 14:42:50,161-INFO: 未找到"注册/登录"按钮，用户已经成功登录
2018-11-21 14:42:59,300-INFO: 权限获取
2018-11-21 14:42:59,300-INFO: 点击创作中心主按钮
2018-11-21 14:42:59,301-INFO: 点击创作中心主按钮
2018-11-21 14:43:00,454-INFO: 下拉刷新
2018-11-21 14:43:01,170-INFO: 点击“视频剪辑”按钮
2018-11-21 14:43:06,662-INFO: 已跳过订阅页面
2018-11-21 14:43:06,662-INFO: 授权小影访问相册和媒体资料
2018-11-21 14:43:12,581-INFO: 已授权
2018-11-21 14:43:12,581-INFO: 返回首页
2018-11-21 14:43:13,634-INFO: 相册授权测试完成
2018-11-21 14:43:13,634-INFO: 权限获取
2018-11-21 14:43:13,634-INFO: 点击“高清拍摄”按钮
2018-11-21 15:13:38,613-INFO: 首页-广告&内购icon测试完成
2018-11-21 15:13:45,433-INFO: 登录页面初始状态检查测试开始
2018-11-21 15:13:45,433-INFO: 授权小影发送通知
2018-11-21 15:13:48,922-INFO: 已授权小影发送通知
2018-11-21 15:13:48,922-INFO: 小影圈页面-关闭活动弹窗
2018-11-21 15:13:51,843-INFO: 当前无或者已关闭活动弹窗
2018-11-21 15:13:51,843-INFO: 切换到"我"
2018-11-21 15:13:56,498-INFO: 保存截图2018_11_21_15_13_55_test_login_origin_.png
2018-11-21 15:13:56,498-INFO: 小影圈页面-关闭活动弹窗
2018-11-21 15:14:00,572-INFO: 当前无或者已关闭活动弹窗
2018-11-21 15:14:00,572-INFO: 登录页面QQ登录测试开始
2018-11-21 15:14:00,720-INFO: 未找到"注册/登录"按钮，用户已经成功登录
2018-11-21 15:14:11,620-INFO: 权限获取
2018-11-21 15:14:11,620-INFO: 点击创作中心主按钮
2018-11-21 15:14:11,620-INFO: 点击创作中心主按钮
2018-11-21 15:14:12,792-INFO: 下拉刷新
2018-11-21 15:14:13,624-INFO: 点击“视频剪辑”按钮
2018-11-21 15:14:19,112-INFO: 已跳过订阅页面
2018-11-21 15:14:19,113-INFO: 授权小影访问相册和媒体资料
2018-11-21 15:14:25,033-INFO: 已授权
2018-11-21 15:14:25,033-INFO: 返回首页
2018-11-21 15:14:26,071-INFO: 相册授权测试完成
2018-11-21 15:14:26,072-INFO: 权限获取
2018-11-21 15:14:26,072-INFO: 点击“高清拍摄”按钮
2018-11-21 15:24:55,478-INFO: 首页-广告&内购icon测试完成
2018-11-21 15:25:02,078-INFO: 登录页面初始状态检查测试开始
2018-11-21 15:25:02,078-INFO: 授权小影发送通知
2018-11-21 15:25:05,701-INFO: 已授权小影发送通知
2018-11-21 15:25:05,701-INFO: 小影圈页面-关闭活动弹窗
2018-11-21 15:25:08,654-INFO: 当前无或者已关闭活动弹窗
2018-11-21 15:25:08,655-INFO: 切换到"我"
2018-11-21 15:25:13,824-INFO: 保存截图2018_11_21_15_25_12_test_login_origin_.png
2018-11-21 15:25:13,825-INFO: 小影圈页面-关闭活动弹窗
2018-11-21 15:25:17,892-INFO: 当前无或者已关闭活动弹窗
2018-11-21 15:25:17,892-INFO: 登录页面QQ登录测试开始
2018-11-21 15:25:18,031-INFO: 未找到"注册/登录"按钮，用户已经成功登录
2018-11-21 15:25:27,903-INFO: 权限获取
2018-11-21 15:25:27,904-INFO: 点击创作中心主按钮
2018-11-21 15:25:27,904-INFO: 点击创作中心主按钮
2018-11-21 15:25:29,073-INFO: 下拉刷新
2018-11-21 15:25:29,867-INFO: 点击“视频剪辑”按钮
2018-11-21 15:25:35,497-INFO: 已跳过订阅页面
2018-11-21 15:25:35,497-INFO: 授权小影访问相册和媒体资料
2018-11-21 15:25:41,505-INFO: 已授权
2018-11-21 15:25:41,505-INFO: 返回首页
2018-11-21 15:25:42,569-INFO: 相册授权测试完成
2018-11-21 15:25:42,570-INFO: 权限获取
2018-11-21 15:25:42,570-INFO: 点击“高清拍摄”按钮
2018-11-21 15:27:48,183-INFO: 首页-广告&内购icon测试完成
2018-11-21 15:27:56,515-INFO: 登录页面初始状态检查测试开始
2018-11-21 15:27:56,516-INFO: 授权小影发送通知
2018-11-21 15:28:00,132-INFO: 已授权小影发送通知
2018-11-21 15:28:00,132-INFO: 小影圈页面-关闭活动弹窗
2018-11-21 15:28:02,275-INFO: 当前无或者已关闭活动弹窗
2018-11-21 15:28:02,276-INFO: 切换到"我"
2018-11-21 15:28:05,856-INFO: 保存截图2018_11_21_15_28_05_test_login_origin_.png
2018-11-21 15:28:05,856-INFO: 小影圈页面-关闭活动弹窗
2018-11-21 15:28:09,955-INFO: 当前无或者已关闭活动弹窗
2018-11-21 15:28:09,955-INFO: 登录页面QQ登录测试开始
2018-11-21 15:28:10,103-INFO: 未找到"注册/登录"按钮，用户已经成功登录
2018-11-21 15:28:19,310-INFO: 权限获取
2018-11-21 15:28:19,310-INFO: 点击创作中心主按钮
2018-11-21 15:28:19,310-INFO: 点击创作中心主按钮
2018-11-21 15:28:20,488-INFO: 下拉刷新
2018-11-21 15:28:21,223-INFO: 点击“视频剪辑”按钮
2018-11-21 15:28:25,741-INFO: 已跳过订阅页面
2018-11-21 15:28:25,741-INFO: 授权小影访问相册和媒体资料
2018-11-21 15:28:31,621-INFO: 已授权
2018-11-21 15:28:31,621-INFO: 返回首页
2018-11-21 15:28:32,694-INFO: 相册授权测试完成
2018-11-21 15:28:32,694-INFO: 权限获取
2018-11-21 15:28:32,694-INFO: 点击“高清拍摄”按钮
2018-11-21 15:38:42,345-INFO: 首页-广告&内购icon测试完成
2018-11-21 15:38:49,099-INFO: 登录页面初始状态检查测试开始
2018-11-21 15:38:49,099-INFO: 授权小影发送通知
2018-11-21 15:38:52,720-INFO: 已授权小影发送通知
2018-11-21 15:38:52,720-INFO: 小影圈页面-关闭活动弹窗
2018-11-21 15:38:54,854-INFO: 当前无或者已关闭活动弹窗
2018-11-21 15:38:54,854-INFO: 切换到"我"
2018-11-21 15:38:58,357-INFO: 保存截图2018_11_21_15_38_57_test_login_origin_.png
2018-11-21 15:38:58,357-INFO: 小影圈页面-关闭活动弹窗
2018-11-21 15:39:02,465-INFO: 当前无或者已关闭活动弹窗
2018-11-21 15:39:02,465-INFO: 登录页面QQ登录测试开始
2018-11-21 15:39:02,626-INFO: 未找到"注册/登录"按钮，用户已经成功登录
2018-11-21 15:39:11,989-INFO: 权限获取
2018-11-21 15:39:11,990-INFO: 点击创作中心主按钮
2018-11-21 15:39:11,990-INFO: 点击创作中心主按钮
2018-11-21 15:39:13,175-INFO: 下拉刷新
2018-11-21 15:39:13,970-INFO: 点击“视频剪辑”按钮
2018-11-21 15:39:18,473-INFO: 已跳过订阅页面
2018-11-21 15:39:18,473-INFO: 授权小影访问相册和媒体资料
2018-11-21 15:39:24,427-INFO: 已授权
2018-11-21 15:39:24,427-INFO: 返回首页
2018-11-21 15:39:25,525-INFO: 相册授权测试完成
2018-11-21 15:39:25,525-INFO: 权限获取
2018-11-21 15:39:25,525-INFO: 点击“高清拍摄”按钮
2018-11-21 15:43:55,944-INFO: 首页-广告&内购icon测试完成
2018-11-21 15:44:02,635-INFO: 登录页面初始状态检查测试开始
2018-11-21 15:44:02,636-INFO: 授权小影发送通知
2018-11-21 15:44:06,248-INFO: 已授权小影发送通知
2018-11-21 15:44:06,251-INFO: 小影圈页面-关闭活动弹窗
2018-11-21 15:44:08,402-INFO: 当前无或者已关闭活动弹窗
2018-11-21 15:44:08,402-INFO: 切换到"我"
2018-11-21 15:44:11,975-INFO: 保存截图2018_11_21_15_44_11_test_login_origin_.png
2018-11-21 15:44:11,976-INFO: 小影圈页面-关闭活动弹窗
2018-11-21 15:44:16,141-INFO: 当前无或者已关闭活动弹窗
2018-11-21 15:44:16,142-INFO: 登录页面QQ登录测试开始
2018-11-21 15:44:16,292-INFO: 未找到"注册/登录"按钮，用户已经成功登录
2018-11-21 15:44:25,508-INFO: 权限获取
2018-11-21 15:44:25,509-INFO: 点击创作中心主按钮
2018-11-21 15:44:25,509-INFO: 点击创作中心主按钮
2018-11-21 15:44:26,685-INFO: 下拉刷新
2018-11-21 15:44:27,478-INFO: 点击“视频剪辑”按钮
2018-11-21 15:44:31,875-INFO: 已跳过订阅页面
2018-11-21 15:44:31,875-INFO: 授权小影访问相册和媒体资料
2018-11-21 15:44:37,761-INFO: 已授权
2018-11-21 15:44:37,761-INFO: 返回首页
2018-11-21 15:44:38,837-INFO: 相册授权测试完成
2018-11-21 15:44:38,838-INFO: 权限获取
2018-11-21 15:44:38,838-INFO: 点击“高清拍摄”按钮
2018-11-21 15:44:43,422-INFO: 授权小影访问相机和麦克风
2018-11-21 15:44:49,094-INFO: 已授权
2018-11-21 15:44:49,094-INFO: 返回首页
2018-11-21 15:44:49,852-INFO: 拍摄授权测试完成
2018-11-21 15:54:12,920-INFO: 首页-广告&内购icon测试完成
2018-11-21 15:54:19,663-INFO: 登录页面初始状态检查测试开始
2018-11-21 15:54:19,663-INFO: 授权小影发送通知
2018-11-21 15:54:23,267-INFO: 已授权小影发送通知
2018-11-21 15:54:23,267-INFO: 小影圈页面-关闭活动弹窗
2018-11-21 15:54:25,414-INFO: 当前无或者已关闭活动弹窗
2018-11-21 15:54:25,414-INFO: 切换到"我"
2018-11-21 15:54:29,000-INFO: 保存截图2018_11_21_15_54_28_test_login_origin_.png
2018-11-21 15:54:29,001-INFO: 小影圈页面-关闭活动弹窗
2018-11-21 15:54:33,086-INFO: 当前无或者已关闭活动弹窗
2018-11-21 15:54:33,086-INFO: 登录页面QQ登录测试开始
2018-11-21 15:54:33,241-INFO: 未找到"注册/登录"按钮，用户已经成功登录
2018-11-21 15:54:42,546-INFO: 权限获取
2018-11-21 15:54:42,547-INFO: 点击创作中心主按钮
2018-11-21 15:54:42,547-INFO: 点击创作中心主按钮
2018-11-21 15:54:43,731-INFO: 下拉刷新
2018-11-21 15:54:44,517-INFO: 点击“视频剪辑”按钮
2018-11-21 15:54:48,906-INFO: 已跳过订阅页面
2018-11-21 15:54:48,906-INFO: 授权小影访问相册和媒体资料
2018-11-21 15:54:54,831-INFO: 已授权
2018-11-21 15:54:54,832-INFO: 返回首页
2018-11-21 15:54:55,927-INFO: 相册授权测试完成
2018-11-21 15:54:55,927-INFO: 权限获取
2018-11-21 15:54:55,927-INFO: 点击“高清拍摄”按钮
2018-11-21 15:55:00,448-INFO: 授权小影访问相机和麦克风
2018-11-21 15:55:06,122-INFO: 已授权
2018-11-21 15:55:06,125-INFO: 返回首页
2018-11-21 15:55:06,874-INFO: 拍摄授权测试完成
2018-11-21 16:09:58,741-INFO: 首页-广告&内购icon测试完成
2018-11-21 16:10:05,328-INFO: 登录页面初始状态检查测试开始
2018-11-21 16:10:05,328-INFO: 授权小影发送通知
2018-11-21 16:10:08,942-INFO: 已授权小影发送通知
2018-11-21 16:10:08,943-INFO: 小影圈页面-关闭活动弹窗
2018-11-21 16:10:11,100-INFO: 当前无或者已关闭活动弹窗
2018-11-21 16:10:11,100-INFO: 切换到"我"
2018-11-21 16:10:14,646-INFO: 保存截图2018_11_21_16_10_14_test_login_origin_.png
2018-11-21 16:10:14,646-INFO: 小影圈页面-关闭活动弹窗
2018-11-21 16:10:18,579-INFO: 当前无或者已关闭活动弹窗
2018-11-21 16:10:18,579-INFO: 登录页面QQ登录测试开始
2018-11-21 16:10:18,743-INFO: 未找到"注册/登录"按钮，用户已经成功登录
2018-11-21 16:10:27,974-INFO: 权限获取
2018-11-21 16:10:27,974-INFO: 点击创作中心主按钮
2018-11-21 16:10:27,975-INFO: 点击创作中心主按钮
2018-11-21 16:10:29,125-INFO: 下拉刷新
2018-11-21 16:10:29,918-INFO: 点击“视频剪辑”按钮
2018-11-21 16:10:34,468-INFO: 已跳过订阅页面
2018-11-21 16:10:34,468-INFO: 授权小影访问相册和媒体资料
2018-11-21 16:10:40,378-INFO: 已授权
2018-11-21 16:10:40,378-INFO: 返回首页
2018-11-21 16:10:41,264-INFO: 相册授权测试完成
2018-11-21 16:10:41,264-INFO: 权限获取
2018-11-21 16:10:41,264-INFO: 点击“高清拍摄”按钮
2018-11-21 16:10:46,189-INFO: 授权小影访问相机和麦克风
2018-11-21 16:10:51,804-INFO: 已授权
2018-11-21 16:10:51,805-INFO: 返回首页
2018-11-21 16:10:52,536-INFO: 拍摄授权测试完成
2018-11-21 16:12:08,288-INFO: 首页-广告&内购icon测试完成
2018-11-21 16:12:15,108-INFO: 登录页面初始状态检查测试开始
2018-11-21 16:12:15,108-INFO: 授权小影发送通知
2018-11-21 16:12:18,705-INFO: 已授权小影发送通知
2018-11-21 16:12:18,705-INFO: 小影圈页面-关闭活动弹窗
2018-11-21 16:12:20,897-INFO: 当前无或者已关闭活动弹窗
2018-11-21 16:12:20,897-INFO: 切换到"我"
2018-11-21 16:12:24,379-INFO: 保存截图2018_11_21_16_12_23_test_login_origin_.png
2018-11-21 16:12:24,380-INFO: 小影圈页面-关闭活动弹窗
2018-11-21 16:12:28,480-INFO: 当前无或者已关闭活动弹窗
2018-11-21 16:12:28,480-INFO: 登录页面QQ登录测试开始
2018-11-21 16:12:28,650-INFO: 未找到"注册/登录"按钮，用户已经成功登录
2018-11-21 16:12:37,827-INFO: 权限获取
2018-11-21 16:12:37,827-INFO: 点击创作中心主按钮
2018-11-21 16:12:37,827-INFO: 点击创作中心主按钮
2018-11-21 16:12:39,050-INFO: 下拉刷新
2018-11-21 16:12:39,875-INFO: 点击“视频剪辑”按钮
2018-11-21 16:12:44,335-INFO: 已跳过订阅页面
2018-11-21 16:12:44,335-INFO: 授权小影访问相册和媒体资料
2018-11-21 16:12:50,246-INFO: 已授权
2018-11-21 16:12:50,246-INFO: 返回首页
2018-11-21 16:12:51,322-INFO: 相册授权测试完成
2018-11-21 16:12:51,322-INFO: 权限获取
2018-11-21 16:12:51,322-INFO: 点击“高清拍摄”按钮
2018-11-21 16:12:56,112-INFO: 授权小影访问相机和麦克风
2018-11-21 16:13:01,759-INFO: 已授权
2018-11-21 16:13:01,760-INFO: 返回首页
2018-11-21 16:13:02,522-INFO: 拍摄授权测试完成
2018-11-21 16:59:22,073-INFO: 首页-广告&内购icon测试完成
2018-11-21 16:59:28,988-INFO: 登录页面初始状态检查测试开始
2018-11-21 16:59:28,989-INFO: 授权小影发送通知
2018-11-21 16:59:32,634-INFO: 已授权小影发送通知
2018-11-21 16:59:32,635-INFO: 小影圈页面-关闭活动弹窗
2018-11-21 16:59:34,796-INFO: 当前无或者已关闭活动弹窗
2018-11-21 16:59:34,796-INFO: 切换到"我"
2018-11-21 16:59:38,353-INFO: 保存截图2018_11_21_16_59_37_test_login_origin_.png
2018-11-21 16:59:38,354-INFO: 小影圈页面-关闭活动弹窗
2018-11-21 16:59:42,477-INFO: 当前无或者已关闭活动弹窗
2018-11-21 16:59:42,477-INFO: 登录页面QQ登录测试开始
2018-11-21 16:59:42,641-INFO: 未找到"注册/登录"按钮，用户已经成功登录
2018-11-21 16:59:52,199-INFO: 权限获取
2018-11-21 16:59:52,199-INFO: 点击创作中心主按钮
2018-11-21 16:59:52,199-INFO: 点击创作中心主按钮
2018-11-21 16:59:53,381-INFO: 下拉刷新
2018-11-21 16:59:54,075-INFO: 点击“视频剪辑”按钮
2018-11-21 16:59:58,385-INFO: 已跳过订阅页面
2018-11-21 16:59:58,385-INFO: 授权小影访问相册和媒体资料
2018-11-21 17:00:04,331-INFO: 已授权
2018-11-21 17:00:04,332-INFO: 返回首页
2018-11-21 17:00:05,390-INFO: 相册授权测试完成
2018-11-21 17:00:05,391-INFO: 权限获取
2018-11-21 17:00:05,391-INFO: 点击“高清拍摄”按钮
2018-11-21 17:00:09,929-INFO: 授权小影访问相机和麦克风
2018-11-21 17:00:15,587-INFO: 已授权
2018-11-21 17:00:15,588-INFO: 返回首页
2018-11-21 17:00:16,355-INFO: 拍摄授权测试完成
2018-11-21 17:03:48,966-INFO: 首页-广告&内购icon测试完成
2018-11-21 17:03:55,922-INFO: 登录页面初始状态检查测试开始
2018-11-21 17:03:55,922-INFO: 授权小影发送通知
2018-11-21 17:03:59,560-INFO: 已授权小影发送通知
2018-11-21 17:03:59,561-INFO: 小影圈页面-关闭活动弹窗
2018-11-21 17:04:01,734-INFO: 当前无或者已关闭活动弹窗
2018-11-21 17:04:01,734-INFO: 切换到"我"
2018-11-21 17:04:05,212-INFO: 保存截图2018_11_21_17_04_04_test_login_origin_.png
2018-11-21 17:04:05,213-INFO: 小影圈页面-关闭活动弹窗
2018-11-21 17:04:09,296-INFO: 当前无或者已关闭活动弹窗
2018-11-21 17:04:09,296-INFO: 登录页面QQ登录测试开始
2018-11-21 17:04:09,457-INFO: 未找到"注册/登录"按钮，用户已经成功登录
2018-11-21 17:04:18,742-INFO: 权限获取
2018-11-21 17:04:18,743-INFO: 点击创作中心主按钮
2018-11-21 17:04:18,743-INFO: 点击创作中心主按钮
2018-11-21 17:04:19,962-INFO: 下拉刷新
2018-11-21 17:04:20,657-INFO: 点击“视频剪辑”按钮
2018-11-21 17:04:24,926-INFO: 已跳过订阅页面
2018-11-21 17:04:24,926-INFO: 授权小影访问相册和媒体资料
2018-11-21 17:04:30,867-INFO: 已授权
2018-11-21 17:04:30,867-INFO: 返回首页
2018-11-21 17:04:31,889-INFO: 相册授权测试完成
2018-11-21 17:04:31,890-INFO: 权限获取
2018-11-21 17:04:31,890-INFO: 点击“高清拍摄”按钮
2018-11-21 17:04:36,631-INFO: 授权小影访问相机和麦克风
2018-11-21 17:04:42,298-INFO: 已授权
2018-11-21 17:04:42,298-INFO: 返回首页
2018-11-21 17:04:43,083-INFO: 拍摄授权测试完成
